Using TensorFlow backend.
WARNING:tensorflow:From /home/lac/miniconda2/envs/lac/lib/python3.7/site-packages/tensorflow/python/framework/op_def_library.py:263: colocate_with (from tensorflow.python.framework.ops) is deprecated and will be removed in a future version.
Instructions for updating:
Colocations handled automatically by placer.
2019-08-01 12:33:02.097466: I tensorflow/core/platform/cpu_feature_guard.cc:141] Your CPU supports instructions that this TensorFlow binary was not compiled to use: SSE4.1 SSE4.2 AVX AVX2 FMA
2019-08-01 12:33:02.119090: I tensorflow/core/platform/profile_utils/cpu_utils.cc:94] CPU Frequency: 2808000000 Hz
2019-08-01 12:33:02.119386: I tensorflow/compiler/xla/service/service.cc:150] XLA service 0x55e0f53bf780 executing computations on platform Host. Devices:
2019-08-01 12:33:02.119416: I tensorflow/compiler/xla/service/service.cc:158]   StreamExecutor device (0): <undefined>, <undefined>
2019-08-01 12:33:02.198351: I tensorflow/stream_executor/cuda/cuda_gpu_executor.cc:998] successful NUMA node read from SysFS had negative value (-1), but there must be at least one NUMA node, so returning NUMA node zero
2019-08-01 12:33:02.198961: I tensorflow/core/common_runtime/gpu/gpu_device.cc:1433] Found device 0 with properties: 
name: Tesla K40c major: 3 minor: 5 memoryClockRate(GHz): 0.745
pciBusID: 0000:01:00.0
totalMemory: 11.92GiB freeMemory: 11.77GiB
2019-08-01 12:33:02.198976: I tensorflow/core/common_runtime/gpu/gpu_device.cc:1512] Adding visible gpu devices: 0
2019-08-01 12:33:02.199765: I tensorflow/core/common_runtime/gpu/gpu_device.cc:984] Device interconnect StreamExecutor with strength 1 edge matrix:
2019-08-01 12:33:02.199775: I tensorflow/core/common_runtime/gpu/gpu_device.cc:990]      0 
2019-08-01 12:33:02.199780: I tensorflow/core/common_runtime/gpu/gpu_device.cc:1003] 0:   N 
2019-08-01 12:33:02.199849: I tensorflow/core/common_runtime/gpu/gpu_device.cc:1115] Created TensorFlow device (/job:localhost/replica:0/task:0/device:GPU:0 with 11446 MB memory) -> physical GPU (device: 0, name: Tesla K40c, pci bus id: 0000:01:00.0, compute capability: 3.5)
2019-08-01 12:33:02.201055: I tensorflow/compiler/xla/service/service.cc:150] XLA service 0x55e0f6ab02c0 executing computations on platform CUDA. Devices:
2019-08-01 12:33:02.201068: I tensorflow/compiler/xla/service/service.cc:158]   StreamExecutor device (0): Tesla K40c, Compute Capability 3.5
WARNING:tensorflow:From /home/lac/miniconda2/envs/lac/lib/python3.7/site-packages/tensorflow/python/ops/math_ops.py:3066: to_int32 (from tensorflow.python.ops.math_ops) is deprecated and will be removed in a future version.
Instructions for updating:
Use tf.cast instead.
2019-08-01 12:33:33.722713: I tensorflow/stream_executor/dso_loader.cc:152] successfully opened CUDA library libcublas.so.10.0 locally
------TESTEANDO CON RATIO: 1.5---------------
TOTAL MUESTRAS: 13000
(13000, 96, 144, 3)
(13000, 1)
Score total: 0.9186923076923077
Score de horas de lluvia: 0.9626666666666667
