Using TensorFlow backend.
WARNING:tensorflow:From /home/lac/miniconda2/envs/lac/lib/python3.7/site-packages/tensorflow/python/framework/op_def_library.py:263: colocate_with (from tensorflow.python.framework.ops) is deprecated and will be removed in a future version.
Instructions for updating:
Colocations handled automatically by placer.
2019-07-30 14:16:05.090772: I tensorflow/core/platform/cpu_feature_guard.cc:141] Your CPU supports instructions that this TensorFlow binary was not compiled to use: SSE4.1 SSE4.2 AVX AVX2 FMA
2019-07-30 14:16:05.283313: I tensorflow/core/platform/profile_utils/cpu_utils.cc:94] CPU Frequency: 2808000000 Hz
2019-07-30 14:16:05.296516: I tensorflow/compiler/xla/service/service.cc:150] XLA service 0x5644e88c6820 executing computations on platform Host. Devices:
2019-07-30 14:16:05.296592: I tensorflow/compiler/xla/service/service.cc:158]   StreamExecutor device (0): <undefined>, <undefined>
2019-07-30 14:16:05.749555: I tensorflow/stream_executor/cuda/cuda_gpu_executor.cc:998] successful NUMA node read from SysFS had negative value (-1), but there must be at least one NUMA node, so returning NUMA node zero
2019-07-30 14:16:05.765995: I tensorflow/core/common_runtime/gpu/gpu_device.cc:1433] Found device 0 with properties: 
name: Tesla K40c major: 3 minor: 5 memoryClockRate(GHz): 0.745
pciBusID: 0000:01:00.0
totalMemory: 11.92GiB freeMemory: 11.77GiB
2019-07-30 14:16:05.766079: I tensorflow/core/common_runtime/gpu/gpu_device.cc:1512] Adding visible gpu devices: 0
2019-07-30 14:16:05.769928: I tensorflow/core/common_runtime/gpu/gpu_device.cc:984] Device interconnect StreamExecutor with strength 1 edge matrix:
2019-07-30 14:16:05.769999: I tensorflow/core/common_runtime/gpu/gpu_device.cc:990]      0 
2019-07-30 14:16:05.770025: I tensorflow/core/common_runtime/gpu/gpu_device.cc:1003] 0:   N 
2019-07-30 14:16:05.770268: I tensorflow/core/common_runtime/gpu/gpu_device.cc:1115] Created TensorFlow device (/job:localhost/replica:0/task:0/device:GPU:0 with 11446 MB memory) -> physical GPU (device: 0, name: Tesla K40c, pci bus id: 0000:01:00.0, compute capability: 3.5)
2019-07-30 14:16:05.775562: I tensorflow/compiler/xla/service/service.cc:150] XLA service 0x5644e9fdc630 executing computations on platform CUDA. Devices:
2019-07-30 14:16:05.775638: I tensorflow/compiler/xla/service/service.cc:158]   StreamExecutor device (0): Tesla K40c, Compute Capability 3.5
2019-07-30 14:16:12.472627: W tensorflow/core/framework/allocator.cc:124] Allocation of 100663296 exceeds 10% of system memory.
2019-07-30 14:16:12.472671: W tensorflow/core/framework/allocator.cc:124] Allocation of 67108864 exceeds 10% of system memory.
WARNING:tensorflow:From /home/lac/miniconda2/envs/lac/lib/python3.7/site-packages/tensorflow/python/ops/math_ops.py:3066: to_int32 (from tensorflow.python.ops.math_ops) is deprecated and will be removed in a future version.
Instructions for updating:
Use tf.cast instead.
2019-07-30 14:16:15.197324: W tensorflow/core/framework/allocator.cc:124] Allocation of 100663296 exceeds 10% of system memory.
2019-07-30 14:16:15.348396: W tensorflow/core/framework/allocator.cc:124] Allocation of 67108864 exceeds 10% of system memory.
2019-07-30 14:16:15.380268: W tensorflow/core/framework/allocator.cc:124] Allocation of 100663296 exceeds 10% of system memory.
2019-07-30 14:16:20.251622: I tensorflow/stream_executor/dso_loader.cc:152] successfully opened CUDA library libcublas.so.10.0 locally
------TESTEANDO CON RATIO: 0.4---------------
TOTAL MUESTRAS: 17150
(17150, 96, 144, 3)
(17150, 1)

  50/1715 [..............................] - ETA: 6:00
 100/1715 [>.............................] - ETA: 2:58
 150/1715 [=>............................] - ETA: 1:57
 200/1715 [==>...........................] - ETA: 1:26
 250/1715 [===>..........................] - ETA: 1:07
 300/1715 [====>.........................] - ETA: 55s 
 350/1715 [=====>........................] - ETA: 46s
 400/1715 [=====>........................] - ETA: 39s
 450/1715 [======>.......................] - ETA: 34s
 500/1715 [=======>......................] - ETA: 30s
 550/1715 [========>.....................] - ETA: 26s
 600/1715 [=========>....................] - ETA: 23s
 650/1715 [==========>...................] - ETA: 21s
 700/1715 [===========>..................] - ETA: 18s
 750/1715 [============>.................] - ETA: 17s
 800/1715 [============>.................] - ETA: 15s
 850/1715 [=============>................] - ETA: 13s
 900/1715 [==============>...............] - ETA: 12s
 950/1715 [===============>..............] - ETA: 11s
1000/1715 [================>.............] - ETA: 10s
1050/1715 [=================>............] - ETA: 8s 
1100/1715 [==================>...........] - ETA: 8s
1150/1715 [===================>..........] - ETA: 7s
1200/1715 [===================>..........] - ETA: 6s
1250/1715 [====================>.........] - ETA: 5s
1300/1715 [=====================>........] - ETA: 4s
1350/1715 [======================>.......] - ETA: 4s
1400/1715 [=======================>......] - ETA: 3s
1450/1715 [========================>.....] - ETA: 2s
1500/1715 [=========================>....] - ETA: 2s
1550/1715 [==========================>...] - ETA: 1s
1600/1715 [==========================>...] - ETA: 1s
1650/1715 [===========================>..] - ETA: 0s
1700/1715 [============================>.] - ETA: 0s
1715/1715 [==============================] - 17s 10ms/step
[0.4599941368527037, 0.805247808336864]
Score total: 0.8053644314868804
Score de horas de lluvia: 0.5059183673469387
