Using TensorFlow backend.
WARNING:tensorflow:From /home/lac/miniconda2/envs/lac/lib/python3.7/site-packages/tensorflow/python/framework/op_def_library.py:263: colocate_with (from tensorflow.python.framework.ops) is deprecated and will be removed in a future version.
Instructions for updating:
Colocations handled automatically by placer.
2019-07-30 14:07:39.549241: I tensorflow/core/platform/cpu_feature_guard.cc:141] Your CPU supports instructions that this TensorFlow binary was not compiled to use: SSE4.1 SSE4.2 AVX AVX2 FMA
2019-07-30 14:07:39.719279: I tensorflow/core/platform/profile_utils/cpu_utils.cc:94] CPU Frequency: 2808000000 Hz
2019-07-30 14:07:39.734819: I tensorflow/compiler/xla/service/service.cc:150] XLA service 0x55cd923f2ba0 executing computations on platform Host. Devices:
2019-07-30 14:07:39.734900: I tensorflow/compiler/xla/service/service.cc:158]   StreamExecutor device (0): <undefined>, <undefined>
2019-07-30 14:07:40.062997: I tensorflow/stream_executor/cuda/cuda_gpu_executor.cc:998] successful NUMA node read from SysFS had negative value (-1), but there must be at least one NUMA node, so returning NUMA node zero
2019-07-30 14:07:40.064517: I tensorflow/core/common_runtime/gpu/gpu_device.cc:1433] Found device 0 with properties: 
name: Tesla K40c major: 3 minor: 5 memoryClockRate(GHz): 0.745
pciBusID: 0000:01:00.0
totalMemory: 11.92GiB freeMemory: 11.77GiB
2019-07-30 14:07:40.064569: I tensorflow/core/common_runtime/gpu/gpu_device.cc:1512] Adding visible gpu devices: 0
2019-07-30 14:07:40.084462: I tensorflow/core/common_runtime/gpu/gpu_device.cc:984] Device interconnect StreamExecutor with strength 1 edge matrix:
2019-07-30 14:07:40.084534: I tensorflow/core/common_runtime/gpu/gpu_device.cc:990]      0 
2019-07-30 14:07:40.084563: I tensorflow/core/common_runtime/gpu/gpu_device.cc:1003] 0:   N 
2019-07-30 14:07:40.103293: I tensorflow/core/common_runtime/gpu/gpu_device.cc:1115] Created TensorFlow device (/job:localhost/replica:0/task:0/device:GPU:0 with 11446 MB memory) -> physical GPU (device: 0, name: Tesla K40c, pci bus id: 0000:01:00.0, compute capability: 3.5)
2019-07-30 14:07:40.108609: I tensorflow/compiler/xla/service/service.cc:150] XLA service 0x55cd9297ad60 executing computations on platform CUDA. Devices:
2019-07-30 14:07:40.108684: I tensorflow/compiler/xla/service/service.cc:158]   StreamExecutor device (0): Tesla K40c, Compute Capability 3.5
2019-07-30 14:07:46.681534: W tensorflow/core/framework/allocator.cc:124] Allocation of 100663296 exceeds 10% of system memory.
2019-07-30 14:07:46.681577: W tensorflow/core/framework/allocator.cc:124] Allocation of 67108864 exceeds 10% of system memory.
WARNING:tensorflow:From /home/lac/miniconda2/envs/lac/lib/python3.7/site-packages/tensorflow/python/ops/math_ops.py:3066: to_int32 (from tensorflow.python.ops.math_ops) is deprecated and will be removed in a future version.
Instructions for updating:
Use tf.cast instead.
2019-07-30 14:07:48.859948: W tensorflow/core/framework/allocator.cc:124] Allocation of 100663296 exceeds 10% of system memory.
2019-07-30 14:07:48.903021: W tensorflow/core/framework/allocator.cc:124] Allocation of 67108864 exceeds 10% of system memory.
2019-07-30 14:07:48.933507: W tensorflow/core/framework/allocator.cc:124] Allocation of 100663296 exceeds 10% of system memory.
2019-07-30 14:07:50.189680: I tensorflow/stream_executor/dso_loader.cc:152] successfully opened CUDA library libcublas.so.10.0 locally
------TESTEANDO CON RATIO: 0.0---------------
TOTAL MUESTRAS: 13000
(13000, 96, 144, 3)
(13000, 1)

  50/1300 [>.............................] - ETA: 3:03
 100/1300 [=>............................] - ETA: 1:30
 150/1300 [==>...........................] - ETA: 59s 
 200/1300 [===>..........................] - ETA: 43s
 250/1300 [====>.........................] - ETA: 33s
 300/1300 [=====>........................] - ETA: 27s
 350/1300 [=======>......................] - ETA: 22s
 400/1300 [========>.....................] - ETA: 19s
 450/1300 [=========>....................] - ETA: 16s
 500/1300 [==========>...................] - ETA: 14s
 550/1300 [===========>..................] - ETA: 12s
 600/1300 [============>.................] - ETA: 10s
 650/1300 [==============>...............] - ETA: 9s 
 700/1300 [===============>..............] - ETA: 8s
 750/1300 [================>.............] - ETA: 7s
 800/1300 [=================>............] - ETA: 6s
 850/1300 [==================>...........] - ETA: 5s
 900/1300 [===================>..........] - ETA: 4s
 950/1300 [====================>.........] - ETA: 3s
1000/1300 [======================>.......] - ETA: 3s
1050/1300 [=======================>......] - ETA: 2s
1100/1300 [========================>.....] - ETA: 1s
1150/1300 [=========================>....] - ETA: 1s
1200/1300 [==========================>...] - ETA: 0s
1250/1300 [===========================>..] - ETA: 0s
1300/1300 [==============================] - 11s 9ms/step
[0.1951872929930687, 0.9453846124502329]
Score total: 0.9423076923076923
Score de horas de lluvia: 0.0
