Using TensorFlow backend.
WARNING:tensorflow:From /home/lac/miniconda2/envs/lac/lib/python3.7/site-packages/tensorflow/python/framework/op_def_library.py:263: colocate_with (from tensorflow.python.framework.ops) is deprecated and will be removed in a future version.
Instructions for updating:
Colocations handled automatically by placer.
2019-07-30 14:55:28.885994: I tensorflow/core/platform/cpu_feature_guard.cc:141] Your CPU supports instructions that this TensorFlow binary was not compiled to use: SSE4.1 SSE4.2 AVX AVX2 FMA
2019-07-30 14:55:30.319378: I tensorflow/core/platform/profile_utils/cpu_utils.cc:94] CPU Frequency: 2808000000 Hz
2019-07-30 14:55:30.465710: I tensorflow/compiler/xla/service/service.cc:150] XLA service 0x55d0e557b7b0 executing computations on platform Host. Devices:
2019-07-30 14:55:30.465788: I tensorflow/compiler/xla/service/service.cc:158]   StreamExecutor device (0): <undefined>, <undefined>
2019-07-30 14:55:33.029448: I tensorflow/stream_executor/cuda/cuda_gpu_executor.cc:998] successful NUMA node read from SysFS had negative value (-1), but there must be at least one NUMA node, so returning NUMA node zero
2019-07-30 14:55:33.118761: I tensorflow/core/common_runtime/gpu/gpu_device.cc:1433] Found device 0 with properties: 
name: Tesla K40c major: 3 minor: 5 memoryClockRate(GHz): 0.745
pciBusID: 0000:01:00.0
totalMemory: 11.92GiB freeMemory: 11.77GiB
2019-07-30 14:55:33.118875: I tensorflow/core/common_runtime/gpu/gpu_device.cc:1512] Adding visible gpu devices: 0
2019-07-30 14:55:33.151763: I tensorflow/core/common_runtime/gpu/gpu_device.cc:984] Device interconnect StreamExecutor with strength 1 edge matrix:
2019-07-30 14:55:33.151832: I tensorflow/core/common_runtime/gpu/gpu_device.cc:990]      0 
2019-07-30 14:55:33.151858: I tensorflow/core/common_runtime/gpu/gpu_device.cc:1003] 0:   N 
2019-07-30 14:55:33.202450: I tensorflow/core/common_runtime/gpu/gpu_device.cc:1115] Created TensorFlow device (/job:localhost/replica:0/task:0/device:GPU:0 with 11446 MB memory) -> physical GPU (device: 0, name: Tesla K40c, pci bus id: 0000:01:00.0, compute capability: 3.5)
2019-07-30 14:55:33.367253: I tensorflow/compiler/xla/service/service.cc:150] XLA service 0x55d0e6ca89c0 executing computations on platform CUDA. Devices:
2019-07-30 14:55:33.367400: I tensorflow/compiler/xla/service/service.cc:158]   StreamExecutor device (0): Tesla K40c, Compute Capability 3.5
2019-07-30 14:55:58.306827: W tensorflow/core/framework/allocator.cc:124] Allocation of 100663296 exceeds 10% of system memory.
2019-07-30 14:55:58.420209: W tensorflow/core/framework/allocator.cc:124] Allocation of 67108864 exceeds 10% of system memory.
WARNING:tensorflow:From /home/lac/miniconda2/envs/lac/lib/python3.7/site-packages/tensorflow/python/ops/math_ops.py:3066: to_int32 (from tensorflow.python.ops.math_ops) is deprecated and will be removed in a future version.
Instructions for updating:
Use tf.cast instead.
2019-07-30 14:56:30.619886: W tensorflow/core/framework/allocator.cc:124] Allocation of 100663296 exceeds 10% of system memory.
2019-07-30 14:56:31.750962: W tensorflow/core/framework/allocator.cc:124] Allocation of 67108864 exceeds 10% of system memory.
2019-07-30 14:56:32.032655: W tensorflow/core/framework/allocator.cc:124] Allocation of 100663296 exceeds 10% of system memory.
2019-07-30 14:56:46.559983: I tensorflow/stream_executor/dso_loader.cc:152] successfully opened CUDA library libcublas.so.10.0 locally
------TESTEANDO CON RATIO: 1.4---------------
TOTAL MUESTRAS: 29400
(29400, 96, 144, 3)
(29400, 1)

  50/2940 [..............................] - ETA: 14:03
 100/2940 [>.............................] - ETA: 7:18 
 150/2940 [>.............................] - ETA: 4:50
 200/2940 [=>............................] - ETA: 3:36
 250/2940 [=>............................] - ETA: 2:51
 300/2940 [==>...........................] - ETA: 2:22
 350/2940 [==>...........................] - ETA: 2:00
 400/2940 [===>..........................] - ETA: 1:44
 450/2940 [===>..........................] - ETA: 1:32
 500/2940 [====>.........................] - ETA: 1:22
 550/2940 [====>.........................] - ETA: 1:14
 600/2940 [=====>........................] - ETA: 1:07
 650/2940 [=====>........................] - ETA: 1:01
 700/2940 [======>.......................] - ETA: 56s 
 750/2940 [======>.......................] - ETA: 51s
 800/2940 [=======>......................] - ETA: 47s
 850/2940 [=======>......................] - ETA: 44s
 900/2940 [========>.....................] - ETA: 41s
 950/2940 [========>.....................] - ETA: 38s
1000/2940 [=========>....................] - ETA: 35s
1050/2940 [=========>....................] - ETA: 33s
1100/2940 [==========>...................] - ETA: 31s
1150/2940 [==========>...................] - ETA: 29s
1200/2940 [===========>..................] - ETA: 27s
1250/2940 [===========>..................] - ETA: 26s
1300/2940 [============>.................] - ETA: 24s
1350/2940 [============>.................] - ETA: 23s
1400/2940 [=============>................] - ETA: 21s
1450/2940 [=============>................] - ETA: 20s
1500/2940 [==============>...............] - ETA: 19s
1550/2940 [==============>...............] - ETA: 18s
1600/2940 [===============>..............] - ETA: 17s
1650/2940 [===============>..............] - ETA: 16s
1700/2940 [================>.............] - ETA: 15s
1750/2940 [================>.............] - ETA: 14s
1800/2940 [=================>............] - ETA: 13s
1850/2940 [=================>............] - ETA: 12s
1900/2940 [==================>...........] - ETA: 11s
1950/2940 [==================>...........] - ETA: 10s
2000/2940 [===================>..........] - ETA: 10s
2050/2940 [===================>..........] - ETA: 9s 
2100/2940 [====================>.........] - ETA: 8s
2150/2940 [====================>.........] - ETA: 8s
2200/2940 [=====================>........] - ETA: 7s
2250/2940 [=====================>........] - ETA: 6s
2300/2940 [======================>.......] - ETA: 6s
2350/2940 [======================>.......] - ETA: 5s
2400/2940 [=======================>......] - ETA: 5s
2450/2940 [========================>.....] - ETA: 4s
2500/2940 [========================>.....] - ETA: 4s
2550/2940 [=========================>....] - ETA: 3s
2600/2940 [=========================>....] - ETA: 3s
2650/2940 [==========================>...] - ETA: 2s
2700/2940 [==========================>...] - ETA: 2s
2750/2940 [===========================>..] - ETA: 1s
2800/2940 [===========================>..] - ETA: 1s
2850/2940 [============================>.] - ETA: 0s
2900/2940 [============================>.] - ETA: 0s
2940/2940 [==============================] - 27s 9ms/step
