Using TensorFlow backend.
WARNING:tensorflow:From /home/lac/miniconda2/envs/lac/lib/python3.7/site-packages/tensorflow/python/framework/op_def_library.py:263: colocate_with (from tensorflow.python.framework.ops) is deprecated and will be removed in a future version.
Instructions for updating:
Colocations handled automatically by placer.
2019-07-30 14:35:17.242123: I tensorflow/core/platform/cpu_feature_guard.cc:141] Your CPU supports instructions that this TensorFlow binary was not compiled to use: SSE4.1 SSE4.2 AVX AVX2 FMA
2019-07-30 14:35:19.191325: I tensorflow/core/platform/profile_utils/cpu_utils.cc:94] CPU Frequency: 2808000000 Hz
2019-07-30 14:35:19.265292: I tensorflow/compiler/xla/service/service.cc:150] XLA service 0x55e2b03b0000 executing computations on platform Host. Devices:
2019-07-30 14:35:19.265319: I tensorflow/compiler/xla/service/service.cc:158]   StreamExecutor device (0): <undefined>, <undefined>
2019-07-30 14:35:21.186061: I tensorflow/stream_executor/cuda/cuda_gpu_executor.cc:998] successful NUMA node read from SysFS had negative value (-1), but there must be at least one NUMA node, so returning NUMA node zero
2019-07-30 14:35:21.209355: I tensorflow/core/common_runtime/gpu/gpu_device.cc:1433] Found device 0 with properties: 
name: Tesla K40c major: 3 minor: 5 memoryClockRate(GHz): 0.745
pciBusID: 0000:01:00.0
totalMemory: 11.92GiB freeMemory: 11.77GiB
2019-07-30 14:35:21.209446: I tensorflow/core/common_runtime/gpu/gpu_device.cc:1512] Adding visible gpu devices: 0
2019-07-30 14:35:21.252806: I tensorflow/core/common_runtime/gpu/gpu_device.cc:984] Device interconnect StreamExecutor with strength 1 edge matrix:
2019-07-30 14:35:21.252878: I tensorflow/core/common_runtime/gpu/gpu_device.cc:990]      0 
2019-07-30 14:35:21.252907: I tensorflow/core/common_runtime/gpu/gpu_device.cc:1003] 0:   N 
2019-07-30 14:35:21.283536: I tensorflow/core/common_runtime/gpu/gpu_device.cc:1115] Created TensorFlow device (/job:localhost/replica:0/task:0/device:GPU:0 with 11446 MB memory) -> physical GPU (device: 0, name: Tesla K40c, pci bus id: 0000:01:00.0, compute capability: 3.5)
2019-07-30 14:35:21.359435: I tensorflow/compiler/xla/service/service.cc:150] XLA service 0x55e2b0937670 executing computations on platform CUDA. Devices:
2019-07-30 14:35:21.359512: I tensorflow/compiler/xla/service/service.cc:158]   StreamExecutor device (0): Tesla K40c, Compute Capability 3.5
2019-07-30 14:35:45.332773: W tensorflow/core/framework/allocator.cc:124] Allocation of 100663296 exceeds 10% of system memory.
2019-07-30 14:35:45.456866: W tensorflow/core/framework/allocator.cc:124] Allocation of 67108864 exceeds 10% of system memory.
WARNING:tensorflow:From /home/lac/miniconda2/envs/lac/lib/python3.7/site-packages/tensorflow/python/ops/math_ops.py:3066: to_int32 (from tensorflow.python.ops.math_ops) is deprecated and will be removed in a future version.
Instructions for updating:
Use tf.cast instead.
2019-07-30 14:36:07.265436: W tensorflow/core/framework/allocator.cc:124] Allocation of 100663296 exceeds 10% of system memory.
2019-07-30 14:36:08.018137: W tensorflow/core/framework/allocator.cc:124] Allocation of 67108864 exceeds 10% of system memory.
2019-07-30 14:36:08.101834: W tensorflow/core/framework/allocator.cc:124] Allocation of 100663296 exceeds 10% of system memory.
2019-07-30 14:36:25.716814: I tensorflow/stream_executor/dso_loader.cc:152] successfully opened CUDA library libcublas.so.10.0 locally
------TESTEANDO CON RATIO: 1.0---------------
TOTAL MUESTRAS: 24500
(24500, 96, 144, 3)
(24500, 1)

  50/2450 [..............................] - ETA: 13:39
 100/2450 [>.............................] - ETA: 6:50 
 150/2450 [>.............................] - ETA: 4:30
 200/2450 [=>............................] - ETA: 3:20
 250/2450 [==>...........................] - ETA: 2:38
 300/2450 [==>...........................] - ETA: 2:10
 350/2450 [===>..........................] - ETA: 1:50
 400/2450 [===>..........................] - ETA: 1:34
 450/2450 [====>.........................] - ETA: 1:22
 500/2450 [=====>........................] - ETA: 1:13
 550/2450 [=====>........................] - ETA: 1:05
 600/2450 [======>.......................] - ETA: 59s 
 650/2450 [======>.......................] - ETA: 53s
 700/2450 [=======>......................] - ETA: 48s
 750/2450 [========>.....................] - ETA: 44s
 800/2450 [========>.....................] - ETA: 40s
 850/2450 [=========>....................] - ETA: 37s
 900/2450 [==========>...................] - ETA: 34s
 950/2450 [==========>...................] - ETA: 32s
1000/2450 [===========>..................] - ETA: 29s
1050/2450 [===========>..................] - ETA: 27s
1100/2450 [============>.................] - ETA: 25s
1150/2450 [=============>................] - ETA: 23s
1200/2450 [=============>................] - ETA: 22s
1250/2450 [==============>...............] - ETA: 20s
1300/2450 [==============>...............] - ETA: 18s
1350/2450 [===============>..............] - ETA: 17s
1400/2450 [================>.............] - ETA: 16s
1450/2450 [================>.............] - ETA: 15s
1500/2450 [=================>............] - ETA: 13s
1550/2450 [=================>............] - ETA: 12s
1600/2450 [==================>...........] - ETA: 11s
1650/2450 [===================>..........] - ETA: 10s
1700/2450 [===================>..........] - ETA: 10s
1750/2450 [====================>.........] - ETA: 9s 
1800/2450 [=====================>........] - ETA: 8s
1850/2450 [=====================>........] - ETA: 7s
1900/2450 [======================>.......] - ETA: 6s
1950/2450 [======================>.......] - ETA: 6s
2000/2450 [=======================>......] - ETA: 5s
2050/2450 [========================>.....] - ETA: 4s
2100/2450 [========================>.....] - ETA: 4s
2150/2450 [=========================>....] - ETA: 3s
2200/2450 [=========================>....] - ETA: 2s
2250/2450 [==========================>...] - ETA: 2s
2300/2450 [===========================>..] - ETA: 1s
2350/2450 [===========================>..] - ETA: 1s
2400/2450 [============================>.] - ETA: 0s
2450/2450 [==============================] - 25s 10ms/step
[0.23842185036260255, 0.9159183623839398]
Score total: 0.9337551020408164
Score de horas de lluvia: 0.9359183673469388
