Using TensorFlow backend.
WARNING:tensorflow:From /home/lac/miniconda2/envs/lac/lib/python3.7/site-packages/tensorflow/python/framework/op_def_library.py:263: colocate_with (from tensorflow.python.framework.ops) is deprecated and will be removed in a future version.
Instructions for updating:
Colocations handled automatically by placer.
2019-07-30 16:18:07.075617: I tensorflow/core/platform/cpu_feature_guard.cc:141] Your CPU supports instructions that this TensorFlow binary was not compiled to use: SSE4.1 SSE4.2 AVX AVX2 FMA
2019-07-30 16:18:07.207263: I tensorflow/core/platform/profile_utils/cpu_utils.cc:94] CPU Frequency: 2808000000 Hz
2019-07-30 16:18:07.213609: I tensorflow/compiler/xla/service/service.cc:150] XLA service 0x55da90f0bc90 executing computations on platform Host. Devices:
2019-07-30 16:18:07.213777: I tensorflow/compiler/xla/service/service.cc:158]   StreamExecutor device (0): <undefined>, <undefined>
2019-07-30 16:18:07.473493: I tensorflow/stream_executor/cuda/cuda_gpu_executor.cc:998] successful NUMA node read from SysFS had negative value (-1), but there must be at least one NUMA node, so returning NUMA node zero
2019-07-30 16:18:07.475088: I tensorflow/core/common_runtime/gpu/gpu_device.cc:1433] Found device 0 with properties: 
name: Tesla K40c major: 3 minor: 5 memoryClockRate(GHz): 0.745
pciBusID: 0000:01:00.0
totalMemory: 11.92GiB freeMemory: 11.77GiB
2019-07-30 16:18:07.475133: I tensorflow/core/common_runtime/gpu/gpu_device.cc:1512] Adding visible gpu devices: 0
2019-07-30 16:18:07.496009: I tensorflow/core/common_runtime/gpu/gpu_device.cc:984] Device interconnect StreamExecutor with strength 1 edge matrix:
2019-07-30 16:18:07.496074: I tensorflow/core/common_runtime/gpu/gpu_device.cc:990]      0 
2019-07-30 16:18:07.496098: I tensorflow/core/common_runtime/gpu/gpu_device.cc:1003] 0:   N 
2019-07-30 16:18:07.515425: I tensorflow/core/common_runtime/gpu/gpu_device.cc:1115] Created TensorFlow device (/job:localhost/replica:0/task:0/device:GPU:0 with 11446 MB memory) -> physical GPU (device: 0, name: Tesla K40c, pci bus id: 0000:01:00.0, compute capability: 3.5)
2019-07-30 16:18:07.520651: I tensorflow/compiler/xla/service/service.cc:150] XLA service 0x55da92a29390 executing computations on platform CUDA. Devices:
2019-07-30 16:18:07.520724: I tensorflow/compiler/xla/service/service.cc:158]   StreamExecutor device (0): Tesla K40c, Compute Capability 3.5
2019-07-30 16:18:13.972835: W tensorflow/core/framework/allocator.cc:124] Allocation of 100663296 exceeds 10% of system memory.
WARNING:tensorflow:From /home/lac/miniconda2/envs/lac/lib/python3.7/site-packages/tensorflow/python/ops/math_ops.py:3066: to_int32 (from tensorflow.python.ops.math_ops) is deprecated and will be removed in a future version.
Instructions for updating:
Use tf.cast instead.
2019-07-30 16:18:16.211669: W tensorflow/core/framework/allocator.cc:124] Allocation of 100663296 exceeds 10% of system memory.
2019-07-30 16:18:16.279322: W tensorflow/core/framework/allocator.cc:124] Allocation of 100663296 exceeds 10% of system memory.
2019-07-30 16:18:16.497130: W tensorflow/core/framework/allocator.cc:124] Allocation of 100663296 exceeds 10% of system memory.
2019-07-30 16:18:16.551946: W tensorflow/core/framework/allocator.cc:124] Allocation of 100663296 exceeds 10% of system memory.
2019-07-30 16:21:13.824324: I tensorflow/stream_executor/dso_loader.cc:152] successfully opened CUDA library libcublas.so.10.0 locally
------TESTEANDO CON RATIO: 1.1---------------
TOTAL MUESTRAS: 25725
(25725, 96, 144, 3)
(25725, 1)
Score total: 0.946472303206997
Score de horas de lluvia: 0.9747680890538033
