Using TensorFlow backend.
WARNING:tensorflow:From /home/lac/miniconda2/envs/lac/lib/python3.7/site-packages/tensorflow/python/framework/op_def_library.py:263: colocate_with (from tensorflow.python.framework.ops) is deprecated and will be removed in a future version.
Instructions for updating:
Colocations handled automatically by placer.
2019-07-30 14:10:54.416385: I tensorflow/core/platform/cpu_feature_guard.cc:141] Your CPU supports instructions that this TensorFlow binary was not compiled to use: SSE4.1 SSE4.2 AVX AVX2 FMA
2019-07-30 14:10:54.439112: I tensorflow/core/platform/profile_utils/cpu_utils.cc:94] CPU Frequency: 2808000000 Hz
2019-07-30 14:10:54.439353: I tensorflow/compiler/xla/service/service.cc:150] XLA service 0x55a5395f44f0 executing computations on platform Host. Devices:
2019-07-30 14:10:54.439368: I tensorflow/compiler/xla/service/service.cc:158]   StreamExecutor device (0): <undefined>, <undefined>
2019-07-30 14:10:54.508114: I tensorflow/stream_executor/cuda/cuda_gpu_executor.cc:998] successful NUMA node read from SysFS had negative value (-1), but there must be at least one NUMA node, so returning NUMA node zero
2019-07-30 14:10:54.508696: I tensorflow/core/common_runtime/gpu/gpu_device.cc:1433] Found device 0 with properties: 
name: Tesla K40c major: 3 minor: 5 memoryClockRate(GHz): 0.745
pciBusID: 0000:01:00.0
totalMemory: 11.92GiB freeMemory: 11.77GiB
2019-07-30 14:10:54.508710: I tensorflow/core/common_runtime/gpu/gpu_device.cc:1512] Adding visible gpu devices: 0
2019-07-30 14:10:54.509497: I tensorflow/core/common_runtime/gpu/gpu_device.cc:984] Device interconnect StreamExecutor with strength 1 edge matrix:
2019-07-30 14:10:54.509508: I tensorflow/core/common_runtime/gpu/gpu_device.cc:990]      0 
2019-07-30 14:10:54.509512: I tensorflow/core/common_runtime/gpu/gpu_device.cc:1003] 0:   N 
2019-07-30 14:10:54.509584: I tensorflow/core/common_runtime/gpu/gpu_device.cc:1115] Created TensorFlow device (/job:localhost/replica:0/task:0/device:GPU:0 with 11446 MB memory) -> physical GPU (device: 0, name: Tesla K40c, pci bus id: 0000:01:00.0, compute capability: 3.5)
2019-07-30 14:10:54.510712: I tensorflow/compiler/xla/service/service.cc:150] XLA service 0x55a53ad05c30 executing computations on platform CUDA. Devices:
2019-07-30 14:10:54.510730: I tensorflow/compiler/xla/service/service.cc:158]   StreamExecutor device (0): Tesla K40c, Compute Capability 3.5
2019-07-30 14:10:55.901000: W tensorflow/core/framework/allocator.cc:124] Allocation of 100663296 exceeds 10% of system memory.
2019-07-30 14:10:55.901040: W tensorflow/core/framework/allocator.cc:124] Allocation of 67108864 exceeds 10% of system memory.
WARNING:tensorflow:From /home/lac/miniconda2/envs/lac/lib/python3.7/site-packages/tensorflow/python/ops/math_ops.py:3066: to_int32 (from tensorflow.python.ops.math_ops) is deprecated and will be removed in a future version.
Instructions for updating:
Use tf.cast instead.
2019-07-30 14:10:58.152575: W tensorflow/core/framework/allocator.cc:124] Allocation of 100663296 exceeds 10% of system memory.
2019-07-30 14:10:58.195606: W tensorflow/core/framework/allocator.cc:124] Allocation of 67108864 exceeds 10% of system memory.
2019-07-30 14:10:58.226357: W tensorflow/core/framework/allocator.cc:124] Allocation of 100663296 exceeds 10% of system memory.
2019-07-30 14:10:59.359828: I tensorflow/stream_executor/dso_loader.cc:152] successfully opened CUDA library libcublas.so.10.0 locally
------TESTEANDO CON RATIO: 0.2---------------
TOTAL MUESTRAS: 14700
(14700, 96, 144, 3)
(14700, 1)

  50/1470 [>.............................] - ETA: 3:22
 100/1470 [=>............................] - ETA: 1:39
 150/1470 [==>...........................] - ETA: 1:05
 200/1470 [===>..........................] - ETA: 48s 
 250/1470 [====>.........................] - ETA: 38s
 300/1470 [=====>........................] - ETA: 31s
 350/1470 [======>.......................] - ETA: 25s
 400/1470 [=======>......................] - ETA: 22s
 450/1470 [========>.....................] - ETA: 19s
 500/1470 [=========>....................] - ETA: 16s
 550/1470 [==========>...................] - ETA: 14s
 600/1470 [===========>..................] - ETA: 12s
 650/1470 [============>.................] - ETA: 11s
 700/1470 [=============>................] - ETA: 10s
 750/1470 [==============>...............] - ETA: 9s 
 800/1470 [===============>..............] - ETA: 8s
 850/1470 [================>.............] - ETA: 7s
 900/1470 [=================>............] - ETA: 6s
 950/1470 [==================>...........] - ETA: 5s
1000/1470 [===================>..........] - ETA: 4s
1050/1470 [====================>.........] - ETA: 4s
1100/1470 [=====================>........] - ETA: 3s
1150/1470 [======================>.......] - ETA: 2s
1200/1470 [=======================>......] - ETA: 2s
1250/1470 [========================>.....] - ETA: 1s
1300/1470 [=========================>....] - ETA: 1s
1350/1470 [==========================>...] - ETA: 1s
1400/1470 [===========================>..] - ETA: 0s
1450/1470 [============================>.] - ETA: 0s
1470/1470 [==============================] - 13s 9ms/step
[0.36102979513658146, 0.843537413749565]
Score total: 0.8459863945578231
Score de horas de lluvia: 0.32040816326530613
